<?xml version="1.0" encoding="UTF-8"?>
<testng-results skipped="0" failed="0" ignored="0" total="1" passed="1">
  <reporter-output>
  </reporter-output>
  <suite name="Suite" duration-ms="14655" started-at="2018-08-15T11:29:42Z" finished-at="2018-08-15T11:29:57Z">
    <groups>
    </groups>
    <test name="Test1" duration-ms="14655" started-at="2018-08-15T11:29:42Z" finished-at="2018-08-15T11:29:57Z">
      <class name="com.selenium.N11TestDemo.N11DemoTest1">
        <test-method status="PASS" signature="BeforeMethod()[pri:0, instance:com.selenium.N11TestDemo.N11DemoTest1@2b98378d]" name="BeforeMethod" is-config="true" duration-ms="7115" started-at="2018-08-15T14:29:42Z" finished-at="2018-08-15T14:29:49Z">
          <reporter-output>
          </reporter-output>
        </test-method> <!-- BeforeMethod -->
        <test-method status="PASS" signature="N11Test1()[pri:0, instance:com.selenium.N11TestDemo.N11DemoTest1@2b98378d]" name="N11Test1" duration-ms="7514" started-at="2018-08-15T14:29:49Z" finished-at="2018-08-15T14:29:57Z">
          <reporter-output>
          </reporter-output>
        </test-method> <!-- N11Test1 -->
        <test-method status="PASS" signature="AfterMethod()[pri:0, instance:com.selenium.N11TestDemo.N11DemoTest1@2b98378d]" name="AfterMethod" is-config="true" duration-ms="0" started-at="2018-08-15T14:29:57Z" finished-at="2018-08-15T14:29:57Z">
          <reporter-output>
          </reporter-output>
        </test-method> <!-- AfterMethod -->
      </class> <!-- com.selenium.N11TestDemo.N11DemoTest1 -->
    </test> <!-- Test1 -->
  </suite> <!-- Suite -->
</testng-results>
